<?xml version="1.0" encoding="UTF-8"?>
<coverage generated="1636658835054" clover="3.2.0">
  <project timestamp="1636658835055" name="All files">
    <metrics statements="12" coveredstatements="9" conditionals="4" coveredconditionals="3" methods="3" coveredmethods="2" elements="19" coveredelements="14" complexity="0" loc="12" ncloc="12" packages="1" files="1" classes="1"/>
    <file name="userModel.js" path="/Users/jeannetoh/Desktop/CS3219/Project & Assignments/OTOT_B/backend/src/models/userModel.js">
      <metrics statements="12" coveredstatements="9" conditionals="4" coveredconditionals="3" methods="3" coveredmethods="2"/>
      <line num="1" count="1" type="stmt"/>
      <line num="2" count="1" type="stmt"/>
      <line num="4" count="1" type="stmt"/>
      <line num="18" count="2" type="cond" truecount="2" falsecount="0"/>
      <line num="19" count="1" type="stmt"/>
      <line num="26" count="2" type="cond" truecount="1" falsecount="1"/>
      <line num="27" count="0" type="stmt"/>
      <line num="43" count="1" type="stmt"/>
      <line num="44" count="0" type="stmt"/>
      <line num="45" count="0" type="stmt"/>
      <line num="51" count="1" type="stmt"/>
      <line num="53" count="1" type="stmt"/>
    </file>
  </project>
</coverage>
