{"/Users/jeannetoh/Desktop/CS3219/Project & Assignments/OTOT_B/backend/src/models/userModel.js": {"path":"/Users/jeannetoh/Desktop/CS3219/Project & Assignments/OTOT_B/backend/src/models/userModel.js","statementMap":{"0":{"start":{"line":1,"column":17},"end":{"line":1,"column":36}},"1":{"start":{"line":2,"column":18},"end":{"line":2,"column":38}},"2":{"start":{"line":4,"column":19},"end":{"line":35,"column":1}},"3":{"start":{"line":18,"column":8},"end":{"line":20,"column":9}},"4":{"start":{"line":19,"column":10},"end":{"line":19,"column":43}},"5":{"start":{"line":26,"column":8},"end":{"line":28,"column":9}},"6":{"start":{"line":27,"column":10},"end":{"line":27,"column":43}},"7":{"start":{"line":43,"column":0},"end":{"line":46,"column":2}},"8":{"start":{"line":44,"column":15},"end":{"line":44,"column":73}},"9":{"start":{"line":45,"column":2},"end":{"line":45,"column":16}},"10":{"start":{"line":51,"column":13},"end":{"line":51,"column":47}},"11":{"start":{"line":53,"column":0},"end":{"line":53,"column":22}}},"fnMap":{"0":{"name":"(anonymous_0)","decl":{"start":{"line":17,"column":6},"end":{"line":17,"column":7}},"loc":{"start":{"line":17,"column":22},"end":{"line":21,"column":7}},"line":17},"1":{"name":"(anonymous_1)","decl":{"start":{"line":25,"column":6},"end":{"line":25,"column":7}},"loc":{"start":{"line":25,"column":22},"end":{"line":29,"column":7}},"line":25},"2":{"name":"(anonymous_2)","decl":{"start":{"line":43,"column":34},"end":{"line":43,"column":35}},"loc":{"start":{"line":43,"column":72},"end":{"line":46,"column":1}},"line":43}},"branchMap":{"0":{"loc":{"start":{"line":18,"column":8},"end":{"line":20,"column":9}},"type":"if","locations":[{"start":{"line":18,"column":8},"end":{"line":20,"column":9}},{"start":{},"end":{}}],"line":18},"1":{"loc":{"start":{"line":26,"column":8},"end":{"line":28,"column":9}},"type":"if","locations":[{"start":{"line":26,"column":8},"end":{"line":28,"column":9}},{"start":{},"end":{}}],"line":26}},"s":{"0":1,"1":1,"2":1,"3":2,"4":1,"5":2,"6":0,"7":1,"8":0,"9":0,"10":1,"11":1},"f":{"0":2,"1":2,"2":0},"b":{"0":[1,1],"1":[0,2]},"_coverageSchema":"1a1c01bbd47fc00a2c39e90264f33305004495a9","hash":"8cc6ec7f8fe49cf2d4c36904f776662f73ea1e23"}
}
